<?xml version="1.0" encoding="UTF-8"?>
<testsuite name="com.kenzie.dynamodbscan.icecream.Phase3Test" tests="4" skipped="0" failures="0" errors="0" timestamp="2023-08-01T17:13:56" hostname="BANANACOMP" time="1.042">
  <properties/>
  <testcase name="order_twoSundaes_receiptContainsSundaes()" classname="com.kenzie.dynamodbscan.icecream.Phase3Test" time="0.272"/>
  <testcase name="order_twoSundaes_itemContainsCorrectJson()" classname="com.kenzie.dynamodbscan.icecream.Phase3Test" time="0.358"/>
  <testcase name="order_oneSundae_receiptContainsSundae()" classname="com.kenzie.dynamodbscan.icecream.Phase3Test" time="0.067"/>
  <testcase name="order_oneSundae_itemContainsCorrectJson()" classname="com.kenzie.dynamodbscan.icecream.Phase3Test" time="0.336"/>
  <system-out><![CDATA[]]></system-out>
  <system-err><![CDATA[]]></system-err>
</testsuite>
