<?xml version="1.0" encoding="UTF-8"?>
<testsuite name="com.kenzie.dynamodbscan.icecream.Phase0Test" tests="2" skipped="0" failures="0" errors="0" timestamp="2023-08-01T17:13:53" hostname="BANANACOMP" time="1.168">
  <properties/>
  <testcase name="[1] DynamoDBScan-Receipts" classname="com.kenzie.dynamodbscan.icecream.Phase0Test" time="0.809"/>
  <testcase name="orderSundae_succeeds()" classname="com.kenzie.dynamodbscan.icecream.Phase0Test" time="0.355"/>
  <system-out><![CDATA[]]></system-out>
  <system-err><![CDATA[]]></system-err>
</testsuite>
