<?xml version="1.0" encoding="UTF-8"?>
<testsuite name="com.kenzie.dynamodbscan.icecream.Phase1Test" tests="3" skipped="0" failures="0" errors="0" timestamp="2023-08-01T17:13:54" hostname="BANANACOMP" time="1.055">
  <properties/>
  <testcase name="getSalesForTimePeriod_oneReceipt_salesMatch()" classname="com.kenzie.dynamodbscan.icecream.Phase1Test" time="0.36"/>
  <testcase name="getSalesForTimePeriod_twoReceipts_salesMatch()" classname="com.kenzie.dynamodbscan.icecream.Phase1Test" time="0.416"/>
  <testcase name="getSalesForTimePeriod_noReceipts_noSales()" classname="com.kenzie.dynamodbscan.icecream.Phase1Test" time="0.279"/>
  <system-out><![CDATA[]]></system-out>
  <system-err><![CDATA[]]></system-err>
</testsuite>
